{"/home/yafet/repos/addis-api/src/server.ts": {"path":"/home/yafet/repos/addis-api/src/server.ts","statementMap":{"0":{"start":{"line":1,"column":0},"end":{"line":1,"column":30}},"1":{"start":{"line":3,"column":0},"end":{"line":3,"column":24}},"2":{"start":{"line":4,"column":0},"end":{"line":4,"column":37}},"3":{"start":{"line":5,"column":0},"end":{"line":5,"column":58}},"4":{"start":{"line":6,"column":0},"end":{"line":6,"column":59}},"5":{"start":{"line":11,"column":14},"end":{"line":11,"column":23}},"6":{"start":{"line":13,"column":2},"end":{"line":15,"column":null}},"7":{"start":{"line":18,"column":0},"end":{"line":18,"column":24}},"8":{"start":{"line":19,"column":0},"end":{"line":19,"column":null}},"9":{"start":{"line":20,"column":0},"end":{"line":20,"column":23}},"10":{"start":{"line":21,"column":0},"end":{"line":21,"column":22}},"11":{"start":{"line":22,"column":0},"end":{"line":22,"column":11}},"12":{"start":{"line":25,"column":0},"end":{"line":25,"column":28}}},"fnMap":{"0":{"name":"createServer","decl":{"start":{"line":10,"column":9},"end":{"line":10,"column":21}},"loc":{"start":{"line":10,"column":21},"end":{"line":23,"column":1}}}},"branchMap":{},"s":{"0":3,"1":3,"2":3,"3":3,"4":3,"5":3,"6":3,"7":3,"8":3,"9":3,"10":3,"11":3,"12":3},"f":{"0":3},"b":{}}
,"/home/yafet/repos/addis-api/src/config/env.config.ts": {"path":"/home/yafet/repos/addis-api/src/config/env.config.ts","statementMap":{"0":{"start":{"line":1,"column":0},"end":{"line":1,"column":27}},"1":{"start":{"line":2,"column":15},"end":{"line":5,"column":2}},"2":{"start":{"line":7,"column":0},"end":{"line":7,"column":22}}},"fnMap":{},"branchMap":{},"s":{"0":3,"1":3,"2":3},"f":{},"b":{}}
,"/home/yafet/repos/addis-api/src/controllers/playlist.controller.ts": {"path":"/home/yafet/repos/addis-api/src/controllers/playlist.controller.ts","statementMap":{"0":{"start":{"line":2,"column":0},"end":{"line":2,"column":129}},"1":{"start":{"line":3,"column":0},"end":{"line":3,"column":57}},"2":{"start":{"line":4,"column":0},"end":{"line":4,"column":95}},"3":{"start":{"line":5,"column":0},"end":{"line":5,"column":63}},"4":{"start":{"line":6,"column":0},"end":{"line":6,"column":80}},"5":{"start":{"line":7,"column":13},"end":{"line":17,"column":null}},"6":{"start":{"line":7,"column":136},"end":{"line":17,"column":4}},"7":{"start":{"line":8,"column":4},"end":{"line":16,"column":5}},"8":{"start":{"line":9,"column":37},"end":{"line":9,"column":45}},"9":{"start":{"line":11,"column":18},"end":{"line":11,"column":29}},"10":{"start":{"line":12,"column":21},"end":{"line":12,"column":67}},"11":{"start":{"line":13,"column":6},"end":{"line":13,"column":37}},"12":{"start":{"line":15,"column":6},"end":{"line":15,"column":16}},"13":{"start":{"line":18,"column":15},"end":{"line":30,"column":null}},"14":{"start":{"line":18,"column":130},"end":{"line":30,"column":4}},"15":{"start":{"line":19,"column":4},"end":{"line":29,"column":5}},"16":{"start":{"line":20,"column":21},"end":{"line":20,"column":31}},"17":{"start":{"line":21,"column":23},"end":{"line":21,"column":44}},"18":{"start":{"line":22,"column":6},"end":{"line":24,"column":7}},"19":{"start":{"line":23,"column":7},"end":{"line":23,"column":null}},"20":{"start":{"line":26,"column":6},"end":{"line":26,"column":37}},"21":{"start":{"line":28,"column":6},"end":{"line":28,"column":16}},"22":{"start":{"line":31,"column":15},"end":{"line":42,"column":null}},"23":{"start":{"line":31,"column":119},"end":{"line":42,"column":4}},"24":{"start":{"line":32,"column":4},"end":{"line":41,"column":5}},"25":{"start":{"line":33,"column":36},"end":{"line":33,"column":45}},"26":{"start":{"line":34,"column":25},"end":{"line":34,"column":58}},"27":{"start":{"line":35,"column":26},"end":{"line":35,"column":61}},"28":{"start":{"line":36,"column":25},"end":{"line":36,"column":39}},"29":{"start":{"line":37,"column":24},"end":{"line":37,"column":79}},"30":{"start":{"line":38,"column":6},"end":{"line":38,"column":38}},"31":{"start":{"line":40,"column":6},"end":{"line":40,"column":16}},"32":{"start":{"line":44,"column":15},"end":{"line":57,"column":null}},"33":{"start":{"line":44,"column":159},"end":{"line":57,"column":4}},"34":{"start":{"line":45,"column":4},"end":{"line":56,"column":5}},"35":{"start":{"line":46,"column":21},"end":{"line":46,"column":31}},"36":{"start":{"line":47,"column":37},"end":{"line":47,"column":45}},"37":{"start":{"line":48,"column":30},"end":{"line":48,"column":78}},"38":{"start":{"line":49,"column":6},"end":{"line":51,"column":7}},"39":{"start":{"line":50,"column":8},"end":{"line":50,"column":null}},"40":{"start":{"line":53,"column":6},"end":{"line":53,"column":44}},"41":{"start":{"line":55,"column":6},"end":{"line":55,"column":16}},"42":{"start":{"line":59,"column":15},"end":{"line":71,"column":null}},"43":{"start":{"line":59,"column":133},"end":{"line":71,"column":4}},"44":{"start":{"line":60,"column":4},"end":{"line":70,"column":5}},"45":{"start":{"line":61,"column":21},"end":{"line":61,"column":31}},"46":{"start":{"line":62,"column":30},"end":{"line":62,"column":54}},"47":{"start":{"line":63,"column":6},"end":{"line":65,"column":7}},"48":{"start":{"line":64,"column":8},"end":{"line":64,"column":null}},"49":{"start":{"line":67,"column":6},"end":{"line":67,"column":44}},"50":{"start":{"line":69,"column":6},"end":{"line":69,"column":16}}},"fnMap":{"0":{"name":"(anonymous_7)","decl":{"start":{"line":7,"column":78},"end":{"line":7,"column":85}},"loc":{"start":{"line":7,"column":136},"end":{"line":17,"column":4}}},"1":{"name":"(anonymous_8)","decl":{"start":{"line":7,"column":136},"end":{"line":7,"column":null}},"loc":{"start":{"line":7,"column":136},"end":{"line":17,"column":3}}},"2":{"name":"(anonymous_9)","decl":{"start":{"line":18,"column":72},"end":{"line":18,"column":79}},"loc":{"start":{"line":18,"column":130},"end":{"line":30,"column":4}}},"3":{"name":"(anonymous_10)","decl":{"start":{"line":18,"column":130},"end":{"line":18,"column":null}},"loc":{"start":{"line":18,"column":130},"end":{"line":30,"column":3}}},"4":{"name":"(anonymous_11)","decl":{"start":{"line":31,"column":61},"end":{"line":31,"column":68}},"loc":{"start":{"line":31,"column":119},"end":{"line":42,"column":4}}},"5":{"name":"(anonymous_12)","decl":{"start":{"line":31,"column":119},"end":{"line":31,"column":null}},"loc":{"start":{"line":31,"column":119},"end":{"line":42,"column":3}}},"6":{"name":"(anonymous_13)","decl":{"start":{"line":44,"column":101},"end":{"line":44,"column":108}},"loc":{"start":{"line":44,"column":159},"end":{"line":57,"column":4}}},"7":{"name":"(anonymous_14)","decl":{"start":{"line":44,"column":159},"end":{"line":44,"column":null}},"loc":{"start":{"line":44,"column":159},"end":{"line":57,"column":3}}},"8":{"name":"(anonymous_15)","decl":{"start":{"line":59,"column":75},"end":{"line":59,"column":82}},"loc":{"start":{"line":59,"column":133},"end":{"line":71,"column":4}}},"9":{"name":"(anonymous_16)","decl":{"start":{"line":59,"column":133},"end":{"line":59,"column":null}},"loc":{"start":{"line":59,"column":133},"end":{"line":71,"column":3}}}},"branchMap":{"0":{"loc":{"start":{"line":22,"column":6},"end":{"line":24,"column":7}},"type":"if","locations":[{"start":{"line":22,"column":6},"end":{"line":24,"column":7}}]},"1":{"loc":{"start":{"line":34,"column":25},"end":{"line":34,"column":58}},"type":"binary-expr","locations":[{"start":{"line":34,"column":25},"end":{"line":34,"column":53}},{"start":{"line":34,"column":57},"end":{"line":34,"column":58}}]},"2":{"loc":{"start":{"line":35,"column":26},"end":{"line":35,"column":61}},"type":"binary-expr","locations":[{"start":{"line":35,"column":26},"end":{"line":35,"column":55}},{"start":{"line":35,"column":59},"end":{"line":35,"column":61}}]},"3":{"loc":{"start":{"line":49,"column":6},"end":{"line":51,"column":7}},"type":"if","locations":[{"start":{"line":49,"column":6},"end":{"line":51,"column":7}}]},"4":{"loc":{"start":{"line":63,"column":6},"end":{"line":65,"column":7}},"type":"if","locations":[{"start":{"line":63,"column":6},"end":{"line":65,"column":7}}]}},"s":{"0":3,"1":3,"2":3,"3":3,"4":3,"5":3,"6":4,"7":4,"8":4,"9":4,"10":4,"11":4,"12":0,"13":3,"14":3,"15":3,"16":3,"17":3,"18":3,"19":2,"20":1,"21":2,"22":3,"23":1,"24":1,"25":1,"26":1,"27":1,"28":1,"29":1,"30":1,"31":0,"32":3,"33":2,"34":2,"35":2,"36":2,"37":2,"38":2,"39":1,"40":1,"41":1,"42":3,"43":2,"44":2,"45":2,"46":2,"47":1,"48":0,"49":1,"50":1},"f":{"0":4,"1":4,"2":3,"3":3,"4":1,"5":1,"6":2,"7":2,"8":2,"9":2},"b":{"0":[2],"1":[1,1],"2":[1,1],"3":[1],"4":[0]}}
,"/home/yafet/repos/addis-api/src/controllers/sigin.controller.ts": {"path":"/home/yafet/repos/addis-api/src/controllers/sigin.controller.ts","statementMap":{"0":{"start":{"line":2,"column":0},"end":{"line":2,"column":30}},"1":{"start":{"line":3,"column":0},"end":{"line":3,"column":60}},"2":{"start":{"line":4,"column":0},"end":{"line":4,"column":59}},"3":{"start":{"line":5,"column":0},"end":{"line":5,"column":63}},"4":{"start":{"line":6,"column":0},"end":{"line":6,"column":38}},"5":{"start":{"line":7,"column":0},"end":{"line":7,"column":70}},"6":{"start":{"line":11,"column":15},"end":{"line":36,"column":2}},"7":{"start":{"line":14,"column":60},"end":{"line":35,"column":null}},"8":{"start":{"line":15,"column":4},"end":{"line":34,"column":5}},"9":{"start":{"line":16,"column":19},"end":{"line":16,"column":49}},"10":{"start":{"line":18,"column":6},"end":{"line":31,"column":7}},"11":{"start":{"line":19,"column":28},"end":{"line":21,"column":null}},"12":{"start":{"line":23,"column":8},"end":{"line":25,"column":9}},"13":{"start":{"line":24,"column":10},"end":{"line":24,"column":43}},"14":{"start":{"line":26,"column":21},"end":{"line":26,"column":34}},"15":{"start":{"line":27,"column":16},"end":{"line":27,"column":38}},"16":{"start":{"line":28,"column":6},"end":{"line":28,"column":null}},"17":{"start":{"line":30,"column":8},"end":{"line":30,"column":41}},"18":{"start":{"line":33,"column":6},"end":{"line":33,"column":16}},"19":{"start":{"line":37,"column":0},"end":{"line":37,"column":22}}},"fnMap":{"0":{"name":"(anonymous_8)","decl":{"start":{"line":14,"column":2},"end":{"line":14,"column":9}},"loc":{"start":{"line":14,"column":60},"end":{"line":35,"column":null}}},"1":{"name":"(anonymous_9)","decl":{"start":{"line":14,"column":60},"end":{"line":14,"column":null}},"loc":{"start":{"line":14,"column":60},"end":{"line":35,"column":3}}}},"branchMap":{"0":{"loc":{"start":{"line":18,"column":6},"end":{"line":31,"column":7}},"type":"if","locations":[{"start":{"line":18,"column":6},"end":{"line":31,"column":7}},{"start":{"line":29,"column":13},"end":{"line":31,"column":7}}]},"1":{"loc":{"start":{"line":23,"column":8},"end":{"line":25,"column":9}},"type":"if","locations":[{"start":{"line":23,"column":8},"end":{"line":25,"column":9}}]}},"s":{"0":3,"1":3,"2":3,"3":3,"4":3,"5":3,"6":3,"7":3,"8":3,"9":3,"10":3,"11":2,"12":2,"13":0,"14":2,"15":2,"16":2,"17":1,"18":1,"19":3},"f":{"0":3,"1":3},"b":{"0":[2,1],"1":[0]}}
,"/home/yafet/repos/addis-api/src/controllers/signup.controller.ts": {"path":"/home/yafet/repos/addis-api/src/controllers/signup.controller.ts","statementMap":{"0":{"start":{"line":2,"column":0},"end":{"line":2,"column":63}},"1":{"start":{"line":3,"column":0},"end":{"line":3,"column":30}},"2":{"start":{"line":4,"column":0},"end":{"line":4,"column":62}},"3":{"start":{"line":5,"column":0},"end":{"line":5,"column":60}},"4":{"start":{"line":6,"column":14},"end":{"line":19,"column":2}},"5":{"start":{"line":9,"column":60},"end":{"line":18,"column":null}},"6":{"start":{"line":10,"column":4},"end":{"line":17,"column":5}},"7":{"start":{"line":11,"column":15},"end":{"line":11,"column":39}},"8":{"start":{"line":12,"column":27},"end":{"line":12,"column":67}},"9":{"start":{"line":13,"column":4},"end":{"line":13,"column":null}},"10":{"start":{"line":14,"column":4},"end":{"line":14,"column":53}},"11":{"start":{"line":16,"column":6},"end":{"line":16,"column":16}},"12":{"start":{"line":21,"column":0},"end":{"line":21,"column":22}}},"fnMap":{"0":{"name":"(anonymous_8)","decl":{"start":{"line":9,"column":2},"end":{"line":9,"column":9}},"loc":{"start":{"line":9,"column":60},"end":{"line":18,"column":null}}},"1":{"name":"(anonymous_9)","decl":{"start":{"line":9,"column":60},"end":{"line":9,"column":null}},"loc":{"start":{"line":9,"column":60},"end":{"line":18,"column":3}}}},"branchMap":{},"s":{"0":3,"1":3,"2":3,"3":3,"4":3,"5":3,"6":3,"7":3,"8":3,"9":3,"10":1,"11":2,"12":3},"f":{"0":3,"1":3},"b":{}}
,"/home/yafet/repos/addis-api/src/controllers/song.controller.ts": {"path":"/home/yafet/repos/addis-api/src/controllers/song.controller.ts","statementMap":{"0":{"start":{"line":2,"column":0},"end":{"line":2,"column":105}},"1":{"start":{"line":3,"column":0},"end":{"line":3,"column":57}},"2":{"start":{"line":5,"column":0},"end":{"line":5,"column":63}},"3":{"start":{"line":6,"column":0},"end":{"line":6,"column":83}},"4":{"start":{"line":8,"column":0},"end":{"line":8,"column":79}},"5":{"start":{"line":9,"column":13},"end":{"line":20,"column":null}},"6":{"start":{"line":9,"column":130},"end":{"line":20,"column":2}},"7":{"start":{"line":10,"column":2},"end":{"line":19,"column":3}},"8":{"start":{"line":11,"column":38},"end":{"line":11,"column":46}},"9":{"start":{"line":13,"column":17},"end":{"line":13,"column":28}},"10":{"start":{"line":15,"column":17},"end":{"line":15,"column":63}},"11":{"start":{"line":16,"column":4},"end":{"line":16,"column":31}},"12":{"start":{"line":18,"column":4},"end":{"line":18,"column":14}},"13":{"start":{"line":22,"column":13},"end":{"line":33,"column":null}},"14":{"start":{"line":22,"column":122},"end":{"line":33,"column":2}},"15":{"start":{"line":23,"column":2},"end":{"line":32,"column":3}},"16":{"start":{"line":24,"column":19},"end":{"line":24,"column":29}},"17":{"start":{"line":25,"column":17},"end":{"line":25,"column":34}},"18":{"start":{"line":26,"column":4},"end":{"line":28,"column":5}},"19":{"start":{"line":27,"column":6},"end":{"line":27,"column":32}},"20":{"start":{"line":29,"column":4},"end":{"line":29,"column":31}},"21":{"start":{"line":31,"column":4},"end":{"line":31,"column":14}},"22":{"start":{"line":35,"column":13},"end":{"line":46,"column":null}},"23":{"start":{"line":35,"column":113},"end":{"line":46,"column":2}},"24":{"start":{"line":36,"column":2},"end":{"line":45,"column":3}},"25":{"start":{"line":37,"column":34},"end":{"line":37,"column":43}},"26":{"start":{"line":38,"column":23},"end":{"line":38,"column":56}},"27":{"start":{"line":39,"column":24},"end":{"line":39,"column":59}},"28":{"start":{"line":40,"column":23},"end":{"line":40,"column":37}},"29":{"start":{"line":41,"column":18},"end":{"line":41,"column":69}},"30":{"start":{"line":42,"column":4},"end":{"line":42,"column":32}},"31":{"start":{"line":44,"column":4},"end":{"line":44,"column":14}},"32":{"start":{"line":48,"column":13},"end":{"line":60,"column":null}},"33":{"start":{"line":48,"column":148},"end":{"line":60,"column":2}},"34":{"start":{"line":49,"column":2},"end":{"line":59,"column":3}},"35":{"start":{"line":50,"column":19},"end":{"line":50,"column":29}},"36":{"start":{"line":51,"column":26},"end":{"line":51,"column":34}},"37":{"start":{"line":52,"column":24},"end":{"line":52,"column":59}},"38":{"start":{"line":53,"column":4},"end":{"line":55,"column":5}},"39":{"start":{"line":54,"column":6},"end":{"line":54,"column":32}},"40":{"start":{"line":56,"column":4},"end":{"line":56,"column":38}},"41":{"start":{"line":58,"column":4},"end":{"line":58,"column":14}},"42":{"start":{"line":62,"column":13},"end":{"line":73,"column":null}},"43":{"start":{"line":62,"column":125},"end":{"line":73,"column":2}},"44":{"start":{"line":63,"column":2},"end":{"line":72,"column":3}},"45":{"start":{"line":64,"column":19},"end":{"line":64,"column":29}},"46":{"start":{"line":65,"column":24},"end":{"line":65,"column":44}},"47":{"start":{"line":66,"column":4},"end":{"line":68,"column":5}},"48":{"start":{"line":67,"column":6},"end":{"line":67,"column":32}},"49":{"start":{"line":69,"column":4},"end":{"line":69,"column":38}},"50":{"start":{"line":71,"column":4},"end":{"line":71,"column":14}}},"fnMap":{"0":{"name":"(anonymous_7)","decl":{"start":{"line":9,"column":72},"end":{"line":9,"column":79}},"loc":{"start":{"line":9,"column":130},"end":{"line":20,"column":2}}},"1":{"name":"(anonymous_8)","decl":{"start":{"line":9,"column":130},"end":{"line":9,"column":null}},"loc":{"start":{"line":9,"column":130},"end":{"line":20,"column":1}}},"2":{"name":"(anonymous_9)","decl":{"start":{"line":22,"column":64},"end":{"line":22,"column":71}},"loc":{"start":{"line":22,"column":122},"end":{"line":33,"column":2}}},"3":{"name":"(anonymous_10)","decl":{"start":{"line":22,"column":122},"end":{"line":22,"column":null}},"loc":{"start":{"line":22,"column":122},"end":{"line":33,"column":1}}},"4":{"name":"(anonymous_11)","decl":{"start":{"line":35,"column":55},"end":{"line":35,"column":62}},"loc":{"start":{"line":35,"column":113},"end":{"line":46,"column":2}}},"5":{"name":"(anonymous_12)","decl":{"start":{"line":35,"column":113},"end":{"line":35,"column":null}},"loc":{"start":{"line":35,"column":113},"end":{"line":46,"column":1}}},"6":{"name":"(anonymous_13)","decl":{"start":{"line":48,"column":90},"end":{"line":48,"column":97}},"loc":{"start":{"line":48,"column":148},"end":{"line":60,"column":2}}},"7":{"name":"(anonymous_14)","decl":{"start":{"line":48,"column":148},"end":{"line":48,"column":null}},"loc":{"start":{"line":48,"column":148},"end":{"line":60,"column":1}}},"8":{"name":"(anonymous_15)","decl":{"start":{"line":62,"column":67},"end":{"line":62,"column":74}},"loc":{"start":{"line":62,"column":125},"end":{"line":73,"column":2}}},"9":{"name":"(anonymous_16)","decl":{"start":{"line":62,"column":125},"end":{"line":62,"column":null}},"loc":{"start":{"line":62,"column":125},"end":{"line":73,"column":1}}}},"branchMap":{"0":{"loc":{"start":{"line":26,"column":4},"end":{"line":28,"column":5}},"type":"if","locations":[{"start":{"line":26,"column":4},"end":{"line":28,"column":5}}]},"1":{"loc":{"start":{"line":38,"column":23},"end":{"line":38,"column":56}},"type":"binary-expr","locations":[{"start":{"line":38,"column":23},"end":{"line":38,"column":51}},{"start":{"line":38,"column":55},"end":{"line":38,"column":56}}]},"2":{"loc":{"start":{"line":39,"column":24},"end":{"line":39,"column":59}},"type":"binary-expr","locations":[{"start":{"line":39,"column":24},"end":{"line":39,"column":53}},{"start":{"line":39,"column":57},"end":{"line":39,"column":59}}]},"3":{"loc":{"start":{"line":53,"column":4},"end":{"line":55,"column":5}},"type":"if","locations":[{"start":{"line":53,"column":4},"end":{"line":55,"column":5}}]},"4":{"loc":{"start":{"line":66,"column":4},"end":{"line":68,"column":5}},"type":"if","locations":[{"start":{"line":66,"column":4},"end":{"line":68,"column":5}}]}},"s":{"0":3,"1":3,"2":3,"3":3,"4":3,"5":3,"6":4,"7":4,"8":4,"9":4,"10":4,"11":4,"12":0,"13":3,"14":3,"15":3,"16":3,"17":3,"18":3,"19":2,"20":1,"21":2,"22":3,"23":1,"24":1,"25":1,"26":1,"27":1,"28":1,"29":1,"30":1,"31":0,"32":3,"33":2,"34":2,"35":2,"36":2,"37":2,"38":2,"39":1,"40":1,"41":1,"42":3,"43":2,"44":2,"45":2,"46":2,"47":1,"48":0,"49":1,"50":1},"f":{"0":4,"1":4,"2":3,"3":3,"4":1,"5":1,"6":2,"7":2,"8":2,"9":2},"b":{"0":[2],"1":[1,1],"2":[1,1],"3":[1],"4":[0]}}
,"/home/yafet/repos/addis-api/src/db/init.ts": {"path":"/home/yafet/repos/addis-api/src/db/init.ts","statementMap":{"0":{"start":{"line":1,"column":0},"end":{"line":1,"column":32}},"1":{"start":{"line":2,"column":0},"end":{"line":2,"column":41}},"2":{"start":{"line":6,"column":16},"end":{"line":6,"column":28}},"3":{"start":{"line":7,"column":2},"end":{"line":10,"column":3}},"4":{"start":{"line":8,"column":4},"end":{"line":8,"column":34}},"5":{"start":{"line":9,"column":4},"end":{"line":9,"column":20}},"6":{"start":{"line":11,"column":2},"end":{"line":17,"column":3}},"7":{"start":{"line":12,"column":4},"end":{"line":12,"column":34}},"8":{"start":{"line":13,"column":4},"end":{"line":13,"column":35}},"9":{"start":{"line":15,"column":4},"end":{"line":15,"column":50}},"10":{"start":{"line":16,"column":4},"end":{"line":16,"column":20}},"11":{"start":{"line":20,"column":0},"end":{"line":20,"column":22}}},"fnMap":{"0":{"name":"InitDB","decl":{"start":{"line":5,"column":15},"end":{"line":5,"column":21}},"loc":{"start":{"line":5,"column":21},"end":{"line":18,"column":null}}}},"branchMap":{"0":{"loc":{"start":{"line":7,"column":2},"end":{"line":10,"column":3}},"type":"if","locations":[{"start":{"line":7,"column":2},"end":{"line":10,"column":3}}]}},"s":{"0":3,"1":3,"2":3,"3":3,"4":0,"5":0,"6":3,"7":3,"8":3,"9":0,"10":0,"11":3},"f":{"0":3},"b":{"0":[0]}}
,"/home/yafet/repos/addis-api/src/db/models/playlist.model.ts": {"path":"/home/yafet/repos/addis-api/src/db/models/playlist.model.ts","statementMap":{"0":{"start":{"line":1,"column":0},"end":{"line":1,"column":54}},"1":{"start":{"line":10,"column":23},"end":{"line":29,"column":2}},"2":{"start":{"line":31,"column":0},"end":{"line":31,"column":69}}},"fnMap":{},"branchMap":{},"s":{"0":3,"1":3,"2":3},"f":{},"b":{}}
,"/home/yafet/repos/addis-api/src/db/models/song.model.ts": {"path":"/home/yafet/repos/addis-api/src/db/models/song.model.ts","statementMap":{"0":{"start":{"line":1,"column":0},"end":{"line":1,"column":32}},"1":{"start":{"line":3,"column":19},"end":{"line":3,"column":27}},"2":{"start":{"line":5,"column":19},"end":{"line":22,"column":2}},"3":{"start":{"line":24,"column":0},"end":{"line":24,"column":50}}},"fnMap":{},"branchMap":{},"s":{"0":3,"1":3,"2":3,"3":3},"f":{},"b":{}}
,"/home/yafet/repos/addis-api/src/db/models/user.model.ts": {"path":"/home/yafet/repos/addis-api/src/db/models/user.model.ts","statementMap":{"0":{"start":{"line":1,"column":0},"end":{"line":1,"column":46}},"1":{"start":{"line":12,"column":15},"end":{"line":12,"column":30}},"2":{"start":{"line":13,"column":19},"end":{"line":24,"column":2}},"3":{"start":{"line":26,"column":0},"end":{"line":26,"column":57}}},"fnMap":{},"branchMap":{},"s":{"0":3,"1":3,"2":3,"3":3},"f":{},"b":{}}
,"/home/yafet/repos/addis-api/src/db/repository/playlist.repository.ts": {"path":"/home/yafet/repos/addis-api/src/db/repository/playlist.repository.ts","statementMap":{"0":{"start":{"line":1,"column":0},"end":{"line":1,"column":32}},"1":{"start":{"line":2,"column":0},"end":{"line":2,"column":48}},"2":{"start":{"line":3,"column":0},"end":{"line":3,"column":40}},"3":{"start":{"line":4,"column":0},"end":{"line":4,"column":60}},"4":{"start":{"line":6,"column":30},"end":{"line":10,"column":2}},"5":{"start":{"line":6,"column":89},"end":{"line":10,"column":2}},"6":{"start":{"line":7,"column":19},"end":{"line":7,"column":62}},"7":{"start":{"line":8,"column":2},"end":{"line":8,"column":24}},"8":{"start":{"line":9,"column":2},"end":{"line":9,"column":18}},"9":{"start":{"line":6,"column":13},"end":{"line":6,"column":30}},"10":{"start":{"line":12,"column":27},"end":{"line":14,"column":2}},"11":{"start":{"line":12,"column":48},"end":{"line":14,"column":2}},"12":{"start":{"line":13,"column":2},"end":{"line":13,"column":55}},"13":{"start":{"line":12,"column":13},"end":{"line":12,"column":27}},"14":{"start":{"line":16,"column":30},"end":{"line":18,"column":2}},"15":{"start":{"line":16,"column":113},"end":{"line":18,"column":2}},"16":{"start":{"line":17,"column":2},"end":{"line":17,"column":91}},"17":{"start":{"line":16,"column":13},"end":{"line":16,"column":30}},"18":{"start":{"line":20,"column":30},"end":{"line":49,"column":2}},"19":{"start":{"line":20,"column":51},"end":{"line":49,"column":2}},"20":{"start":{"line":21,"column":18},"end":{"line":21,"column":47}},"21":{"start":{"line":22,"column":2},"end":{"line":22,"column":29}},"22":{"start":{"line":24,"column":2},"end":{"line":48,"column":3}},"23":{"start":{"line":26,"column":23},"end":{"line":26,"column":67}},"24":{"start":{"line":27,"column":6},"end":{"line":29,"column":7}},"25":{"start":{"line":28,"column":8},"end":{"line":28,"column":34}},"26":{"start":{"line":32,"column":28},"end":{"line":32,"column":78}},"27":{"start":{"line":33,"column":22},"end":{"line":33,"column":57}},"28":{"start":{"line":33,"column":48},"end":{"line":33,"column":56}},"29":{"start":{"line":35,"column":6},"end":{"line":35,"column":72}},"30":{"start":{"line":38,"column":6},"end":{"line":38,"column":60}},"31":{"start":{"line":40,"column":6},"end":{"line":40,"column":40}},"32":{"start":{"line":44,"column":6},"end":{"line":44,"column":39}},"33":{"start":{"line":45,"column":6},"end":{"line":45,"column":18}},"34":{"start":{"line":47,"column":6},"end":{"line":47,"column":27}},"35":{"start":{"line":20,"column":13},"end":{"line":20,"column":30}},"36":{"start":{"line":50,"column":28},"end":{"line":53,"column":2}},"37":{"start":{"line":50,"column":104},"end":{"line":53,"column":2}},"38":{"start":{"line":51,"column":15},"end":{"line":51,"column":33}},"39":{"start":{"line":52,"column":2},"end":{"line":52,"column":84}},"40":{"start":{"line":50,"column":13},"end":{"line":50,"column":28}}},"fnMap":{"0":{"name":"(anonymous_8)","decl":{"start":{"line":6,"column":30},"end":{"line":6,"column":37}},"loc":{"start":{"line":6,"column":89},"end":{"line":10,"column":2}}},"1":{"name":"(anonymous_9)","decl":{"start":{"line":6,"column":89},"end":{"line":6,"column":null}},"loc":{"start":{"line":6,"column":89},"end":{"line":10,"column":1}}},"2":{"name":"(anonymous_10)","decl":{"start":{"line":12,"column":27},"end":{"line":12,"column":34}},"loc":{"start":{"line":12,"column":48},"end":{"line":14,"column":2}}},"3":{"name":"(anonymous_11)","decl":{"start":{"line":12,"column":48},"end":{"line":12,"column":null}},"loc":{"start":{"line":12,"column":48},"end":{"line":14,"column":1}}},"4":{"name":"(anonymous_12)","decl":{"start":{"line":16,"column":30},"end":{"line":16,"column":37}},"loc":{"start":{"line":16,"column":113},"end":{"line":18,"column":2}}},"5":{"name":"(anonymous_13)","decl":{"start":{"line":16,"column":113},"end":{"line":16,"column":null}},"loc":{"start":{"line":16,"column":113},"end":{"line":18,"column":1}}},"6":{"name":"(anonymous_14)","decl":{"start":{"line":20,"column":30},"end":{"line":20,"column":37}},"loc":{"start":{"line":20,"column":51},"end":{"line":49,"column":2}}},"7":{"name":"(anonymous_15)","decl":{"start":{"line":20,"column":51},"end":{"line":20,"column":null}},"loc":{"start":{"line":20,"column":51},"end":{"line":49,"column":1}}},"8":{"name":"(anonymous_16)","decl":{"start":{"line":33,"column":40},"end":{"line":33,"column":44}},"loc":{"start":{"line":33,"column":48},"end":{"line":33,"column":56}}},"9":{"name":"(anonymous_17)","decl":{"start":{"line":50,"column":28},"end":{"line":50,"column":35}},"loc":{"start":{"line":50,"column":104},"end":{"line":53,"column":2}}},"10":{"name":"(anonymous_18)","decl":{"start":{"line":50,"column":104},"end":{"line":50,"column":null}},"loc":{"start":{"line":50,"column":100},"end":{"line":53,"column":1}}}},"branchMap":{"0":{"loc":{"start":{"line":27,"column":6},"end":{"line":29,"column":7}},"type":"if","locations":[{"start":{"line":27,"column":6},"end":{"line":29,"column":7}}]},"1":{"loc":{"start":{"line":50,"column":35},"end":{"line":50,"column":51}},"type":"default-arg","locations":[{"start":{"line":50,"column":50},"end":{"line":50,"column":51}}]},"2":{"loc":{"start":{"line":50,"column":53},"end":{"line":50,"column":71}},"type":"default-arg","locations":[{"start":{"line":50,"column":69},"end":{"line":50,"column":71}}]},"3":{"loc":{"start":{"line":50,"column":73},"end":{"line":50,"column":100}},"type":"default-arg","locations":[{"start":{"line":50,"column":88},"end":{"line":50,"column":100}}]}},"s":{"0":3,"1":3,"2":3,"3":3,"4":3,"5":5,"6":5,"7":5,"8":5,"9":3,"10":3,"11":3,"12":3,"13":3,"14":3,"15":2,"16":2,"17":3,"18":3,"19":2,"20":2,"21":2,"22":2,"23":2,"24":2,"25":1,"26":1,"27":1,"28":0,"29":1,"30":1,"31":1,"32":1,"33":1,"34":2,"35":3,"36":3,"37":1,"38":1,"39":1,"40":3},"f":{"0":5,"1":5,"2":3,"3":3,"4":2,"5":2,"6":2,"7":2,"8":0,"9":1,"10":1},"b":{"0":[1],"1":[0],"2":[0],"3":[1]}}
,"/home/yafet/repos/addis-api/src/db/repository/song.repository.ts": {"path":"/home/yafet/repos/addis-api/src/db/repository/song.repository.ts","statementMap":{"0":{"start":{"line":1,"column":0},"end":{"line":1,"column":40}},"1":{"start":{"line":2,"column":0},"end":{"line":2,"column":48}},"2":{"start":{"line":3,"column":0},"end":{"line":3,"column":32}},"3":{"start":{"line":4,"column":0},"end":{"line":4,"column":60}},"4":{"start":{"line":7,"column":26},"end":{"line":34,"column":4}},"5":{"start":{"line":7,"column":96},"end":{"line":34,"column":4}},"6":{"start":{"line":9,"column":20},"end":{"line":9,"column":49}},"7":{"start":{"line":10,"column":4},"end":{"line":10,"column":31}},"8":{"start":{"line":11,"column":4},"end":{"line":33,"column":5}},"9":{"start":{"line":13,"column":6},"end":{"line":13,"column":87}},"10":{"start":{"line":14,"column":6},"end":{"line":14,"column":35}},"11":{"start":{"line":16,"column":23},"end":{"line":19,"column":null}},"12":{"start":{"line":22,"column":6},"end":{"line":24,"column":7}},"13":{"start":{"line":23,"column":8},"end":{"line":23,"column":null}},"14":{"start":{"line":26,"column":6},"end":{"line":26,"column":40}},"15":{"start":{"line":27,"column":6},"end":{"line":27,"column":25}},"16":{"start":{"line":29,"column":6},"end":{"line":29,"column":39}},"17":{"start":{"line":30,"column":6},"end":{"line":30,"column":18}},"18":{"start":{"line":32,"column":6},"end":{"line":32,"column":27}},"19":{"start":{"line":7,"column":13},"end":{"line":7,"column":26}},"20":{"start":{"line":36,"column":23},"end":{"line":38,"column":2}},"21":{"start":{"line":36,"column":44},"end":{"line":38,"column":2}},"22":{"start":{"line":37,"column":2},"end":{"line":37,"column":33}},"23":{"start":{"line":36,"column":13},"end":{"line":36,"column":23}},"24":{"start":{"line":40,"column":26},"end":{"line":43,"column":2}},"25":{"start":{"line":40,"column":100},"end":{"line":43,"column":2}},"26":{"start":{"line":42,"column":2},"end":{"line":42,"column":69}},"27":{"start":{"line":40,"column":13},"end":{"line":40,"column":26}},"28":{"start":{"line":45,"column":26},"end":{"line":73,"column":4}},"29":{"start":{"line":45,"column":47},"end":{"line":73,"column":4}},"30":{"start":{"line":47,"column":20},"end":{"line":47,"column":49}},"31":{"start":{"line":48,"column":4},"end":{"line":48,"column":31}},"32":{"start":{"line":49,"column":4},"end":{"line":72,"column":5}},"33":{"start":{"line":50,"column":6},"end":{"line":50,"column":70}},"34":{"start":{"line":51,"column":6},"end":{"line":53,"column":7}},"35":{"start":{"line":52,"column":8},"end":{"line":52,"column":34}},"36":{"start":{"line":55,"column":23},"end":{"line":58,"column":null}},"37":{"start":{"line":60,"column":6},"end":{"line":63,"column":7}},"38":{"start":{"line":61,"column":8},"end":{"line":61,"column":null}},"39":{"start":{"line":62,"column":8},"end":{"line":62,"column":34}},"40":{"start":{"line":65,"column":6},"end":{"line":65,"column":40}},"41":{"start":{"line":66,"column":6},"end":{"line":66,"column":25}},"42":{"start":{"line":68,"column":6},"end":{"line":68,"column":39}},"43":{"start":{"line":69,"column":6},"end":{"line":69,"column":18}},"44":{"start":{"line":71,"column":6},"end":{"line":71,"column":27}},"45":{"start":{"line":45,"column":13},"end":{"line":45,"column":26}},"46":{"start":{"line":75,"column":24},"end":{"line":78,"column":2}},"47":{"start":{"line":75,"column":94},"end":{"line":78,"column":2}},"48":{"start":{"line":76,"column":15},"end":{"line":76,"column":33}},"49":{"start":{"line":77,"column":2},"end":{"line":77,"column":62}},"50":{"start":{"line":75,"column":13},"end":{"line":75,"column":24}}},"fnMap":{"0":{"name":"(anonymous_8)","decl":{"start":{"line":7,"column":26},"end":{"line":7,"column":33}},"loc":{"start":{"line":7,"column":96},"end":{"line":34,"column":4}}},"1":{"name":"(anonymous_9)","decl":{"start":{"line":7,"column":96},"end":{"line":7,"column":null}},"loc":{"start":{"line":7,"column":96},"end":{"line":34,"column":3}}},"2":{"name":"(anonymous_10)","decl":{"start":{"line":36,"column":23},"end":{"line":36,"column":30}},"loc":{"start":{"line":36,"column":44},"end":{"line":38,"column":2}}},"3":{"name":"(anonymous_11)","decl":{"start":{"line":36,"column":44},"end":{"line":36,"column":null}},"loc":{"start":{"line":36,"column":44},"end":{"line":38,"column":1}}},"4":{"name":"(anonymous_12)","decl":{"start":{"line":40,"column":26},"end":{"line":40,"column":33}},"loc":{"start":{"line":40,"column":100},"end":{"line":43,"column":2}}},"5":{"name":"(anonymous_13)","decl":{"start":{"line":40,"column":100},"end":{"line":40,"column":null}},"loc":{"start":{"line":40,"column":100},"end":{"line":43,"column":1}}},"6":{"name":"(anonymous_14)","decl":{"start":{"line":45,"column":26},"end":{"line":45,"column":33}},"loc":{"start":{"line":45,"column":47},"end":{"line":73,"column":4}}},"7":{"name":"(anonymous_15)","decl":{"start":{"line":45,"column":47},"end":{"line":45,"column":null}},"loc":{"start":{"line":45,"column":47},"end":{"line":73,"column":3}}},"8":{"name":"(anonymous_16)","decl":{"start":{"line":75,"column":24},"end":{"line":75,"column":31}},"loc":{"start":{"line":75,"column":94},"end":{"line":78,"column":2}}},"9":{"name":"(anonymous_17)","decl":{"start":{"line":75,"column":94},"end":{"line":75,"column":null}},"loc":{"start":{"line":75,"column":90},"end":{"line":78,"column":1}}}},"branchMap":{"0":{"loc":{"start":{"line":22,"column":6},"end":{"line":24,"column":7}},"type":"if","locations":[{"start":{"line":22,"column":6},"end":{"line":24,"column":7}}]},"1":{"loc":{"start":{"line":51,"column":6},"end":{"line":53,"column":7}},"type":"if","locations":[{"start":{"line":51,"column":6},"end":{"line":53,"column":7}}]},"2":{"loc":{"start":{"line":60,"column":6},"end":{"line":63,"column":7}},"type":"if","locations":[{"start":{"line":60,"column":6},"end":{"line":63,"column":7}}]},"3":{"loc":{"start":{"line":75,"column":31},"end":{"line":75,"column":47}},"type":"default-arg","locations":[{"start":{"line":75,"column":46},"end":{"line":75,"column":47}}]},"4":{"loc":{"start":{"line":75,"column":49},"end":{"line":75,"column":67}},"type":"default-arg","locations":[{"start":{"line":75,"column":65},"end":{"line":75,"column":67}}]},"5":{"loc":{"start":{"line":75,"column":69},"end":{"line":75,"column":90}},"type":"default-arg","locations":[{"start":{"line":75,"column":84},"end":{"line":75,"column":90}}]}},"s":{"0":3,"1":3,"2":3,"3":3,"4":3,"5":4,"6":4,"7":4,"8":4,"9":4,"10":4,"11":4,"12":4,"13":0,"14":4,"15":4,"16":0,"17":0,"18":4,"19":3,"20":3,"21":3,"22":3,"23":3,"24":3,"25":2,"26":2,"27":3,"28":3,"29":2,"30":2,"31":2,"32":2,"33":2,"34":2,"35":1,"36":1,"37":1,"38":0,"39":0,"40":1,"41":1,"42":1,"43":1,"44":2,"45":3,"46":3,"47":1,"48":1,"49":1,"50":3},"f":{"0":4,"1":4,"2":3,"3":3,"4":2,"5":2,"6":2,"7":2,"8":1,"9":1},"b":{"0":[0],"1":[1],"2":[0],"3":[0],"4":[0],"5":[1]}}
,"/home/yafet/repos/addis-api/src/db/repository/user.repository.ts": {"path":"/home/yafet/repos/addis-api/src/db/repository/user.repository.ts","statementMap":{"0":{"start":{"line":1,"column":0},"end":{"line":1,"column":55}},"1":{"start":{"line":2,"column":24},"end":{"line":7,"column":null}},"2":{"start":{"line":2,"column":54},"end":{"line":7,"column":null}},"3":{"start":{"line":3,"column":17},"end":{"line":4,"column":null}},"4":{"start":{"line":6,"column":6},"end":{"line":6,"column":31}},"5":{"start":{"line":2,"column":13},"end":{"line":2,"column":24}},"6":{"start":{"line":8,"column":21},"end":{"line":10,"column":null}},"7":{"start":{"line":8,"column":44},"end":{"line":10,"column":null}},"8":{"start":{"line":9,"column":4},"end":{"line":9,"column":48}},"9":{"start":{"line":8,"column":13},"end":{"line":8,"column":21}}},"fnMap":{"0":{"name":"(anonymous_8)","decl":{"start":{"line":2,"column":24},"end":{"line":2,"column":31}},"loc":{"start":{"line":2,"column":54},"end":{"line":7,"column":null}}},"1":{"name":"(anonymous_9)","decl":{"start":{"line":2,"column":54},"end":{"line":2,"column":null}},"loc":{"start":{"line":2,"column":54},"end":{"line":7,"column":1}}},"2":{"name":"(anonymous_10)","decl":{"start":{"line":8,"column":21},"end":{"line":8,"column":28}},"loc":{"start":{"line":8,"column":44},"end":{"line":10,"column":null}}},"3":{"name":"(anonymous_11)","decl":{"start":{"line":8,"column":44},"end":{"line":8,"column":null}},"loc":{"start":{"line":8,"column":44},"end":{"line":10,"column":1}}}},"branchMap":{},"s":{"0":3,"1":3,"2":3,"3":3,"4":3,"5":3,"6":3,"7":3,"8":3,"9":3},"f":{"0":3,"1":3,"2":3,"3":3},"b":{}}
,"/home/yafet/repos/addis-api/src/errors/IncorrectCredentials.ts": {"path":"/home/yafet/repos/addis-api/src/errors/IncorrectCredentials.ts","statementMap":{"0":{"start":{"line":2,"column":0},"end":{"line":2,"column":45}},"1":{"start":{"line":6,"column":4},"end":{"line":6,"column":35}},"2":{"start":{"line":4,"column":2},"end":{"line":4,"column":19}},"3":{"start":{"line":7,"column":4},"end":{"line":7,"column":64}},"4":{"start":{"line":10,"column":4},"end":{"line":10,"column":56}},"5":{"start":{"line":3,"column":0},"end":{"line":3,"column":13}}},"fnMap":{"0":{"name":"(anonymous_0)","decl":{"start":{"line":5,"column":2},"end":{"line":5,"column":null}},"loc":{"start":{"line":5,"column":2},"end":{"line":8,"column":3}}},"1":{"name":"(anonymous_1)","decl":{"start":{"line":9,"column":2},"end":{"line":9,"column":17}},"loc":{"start":{"line":9,"column":17},"end":{"line":11,"column":3}}}},"branchMap":{},"s":{"0":3,"1":1,"2":1,"3":1,"4":1,"5":3},"f":{"0":1,"1":1},"b":{}}
,"/home/yafet/repos/addis-api/src/errors/custom.error.ts": {"path":"/home/yafet/repos/addis-api/src/errors/custom.error.ts","statementMap":{"0":{"start":{"line":5,"column":6},"end":{"line":5,"column":21}},"1":{"start":{"line":4,"column":23},"end":{"line":4,"column":38}},"2":{"start":{"line":2,"column":4},"end":{"line":2,"column":21}},"3":{"start":{"line":7,"column":6},"end":{"line":7,"column":57}},"4":{"start":{"line":11,"column":6},"end":{"line":11,"column":41}},"5":{"start":{"line":1,"column":0},"end":{"line":1,"column":13}}},"fnMap":{"0":{"name":"(anonymous_0)","decl":{"start":{"line":4,"column":4},"end":{"line":4,"column":23}},"loc":{"start":{"line":4,"column":38},"end":{"line":8,"column":5}}},"1":{"name":"(anonymous_1)","decl":{"start":{"line":10,"column":4},"end":{"line":10,"column":19}},"loc":{"start":{"line":10,"column":19},"end":{"line":12,"column":5}}}},"branchMap":{},"s":{"0":20,"1":20,"2":20,"3":20,"4":0,"5":3},"f":{"0":20,"1":0},"b":{}}
,"/home/yafet/repos/addis-api/src/errors/notFound.error.ts": {"path":"/home/yafet/repos/addis-api/src/errors/notFound.error.ts","statementMap":{"0":{"start":{"line":1,"column":0},"end":{"line":1,"column":45}},"1":{"start":{"line":6,"column":4},"end":{"line":6,"column":29}},"2":{"start":{"line":4,"column":2},"end":{"line":4,"column":19}},"3":{"start":{"line":7,"column":4},"end":{"line":7,"column":57}},"4":{"start":{"line":10,"column":4},"end":{"line":10,"column":38}},"5":{"start":{"line":3,"column":0},"end":{"line":3,"column":13}}},"fnMap":{"0":{"name":"(anonymous_0)","decl":{"start":{"line":5,"column":2},"end":{"line":5,"column":null}},"loc":{"start":{"line":5,"column":2},"end":{"line":8,"column":3}}},"1":{"name":"(anonymous_1)","decl":{"start":{"line":9,"column":2},"end":{"line":9,"column":17}},"loc":{"start":{"line":9,"column":17},"end":{"line":11,"column":3}}}},"branchMap":{},"s":{"0":3,"1":8,"2":8,"3":8,"4":8,"5":3},"f":{"0":8,"1":8},"b":{}}
,"/home/yafet/repos/addis-api/src/errors/unauthorized.error.ts": {"path":"/home/yafet/repos/addis-api/src/errors/unauthorized.error.ts","statementMap":{"0":{"start":{"line":1,"column":0},"end":{"line":1,"column":45}},"1":{"start":{"line":5,"column":4},"end":{"line":5,"column":26}},"2":{"start":{"line":3,"column":2},"end":{"line":3,"column":19}},"3":{"start":{"line":6,"column":4},"end":{"line":6,"column":62}},"4":{"start":{"line":9,"column":4},"end":{"line":9,"column":54}},"5":{"start":{"line":2,"column":0},"end":{"line":2,"column":13}}},"fnMap":{"0":{"name":"(anonymous_0)","decl":{"start":{"line":4,"column":2},"end":{"line":4,"column":null}},"loc":{"start":{"line":4,"column":2},"end":{"line":7,"column":3}}},"1":{"name":"(anonymous_1)","decl":{"start":{"line":8,"column":2},"end":{"line":8,"column":17}},"loc":{"start":{"line":8,"column":17},"end":{"line":10,"column":3}}}},"branchMap":{},"s":{"0":3,"1":2,"2":2,"3":2,"4":2,"5":3},"f":{"0":2,"1":2},"b":{}}
,"/home/yafet/repos/addis-api/src/errors/validation.error.ts": {"path":"/home/yafet/repos/addis-api/src/errors/validation.error.ts","statementMap":{"0":{"start":{"line":2,"column":0},"end":{"line":2,"column":45}},"1":{"start":{"line":8,"column":4},"end":{"line":8,"column":40}},"2":{"start":{"line":5,"column":2},"end":{"line":5,"column":19}},"3":{"start":{"line":9,"column":4},"end":{"line":9,"column":25}},"4":{"start":{"line":10,"column":4},"end":{"line":10,"column":66}},"5":{"start":{"line":13,"column":4},"end":{"line":15,"column":7}},"6":{"start":{"line":14,"column":6},"end":{"line":14,"column":51}},"7":{"start":{"line":4,"column":0},"end":{"line":4,"column":13}}},"fnMap":{"0":{"name":"(anonymous_0)","decl":{"start":{"line":7,"column":2},"end":{"line":7,"column":14}},"loc":{"start":{"line":7,"column":44},"end":{"line":11,"column":3}}},"1":{"name":"(anonymous_1)","decl":{"start":{"line":12,"column":2},"end":{"line":12,"column":17}},"loc":{"start":{"line":12,"column":17},"end":{"line":16,"column":3}}},"2":{"name":"(anonymous_2)","decl":{"start":{"line":13,"column":27},"end":{"line":13,"column":28}},"loc":{"start":{"line":13,"column":35},"end":{"line":15,"column":5}}}},"branchMap":{},"s":{"0":3,"1":9,"2":9,"3":9,"4":9,"5":9,"6":9,"7":3},"f":{"0":9,"1":9,"2":9},"b":{}}
,"/home/yafet/repos/addis-api/src/middleware/deserializeUser.ts": {"path":"/home/yafet/repos/addis-api/src/middleware/deserializeUser.ts","statementMap":{"0":{"start":{"line":3,"column":0},"end":{"line":3,"column":40}},"1":{"start":{"line":7,"column":20},"end":{"line":7,"column":48}},"2":{"start":{"line":9,"column":1},"end":{"line":11,"column":2}},"3":{"start":{"line":10,"column":4},"end":{"line":10,"column":18}},"4":{"start":{"line":12,"column":15},"end":{"line":12,"column":39}},"5":{"start":{"line":13,"column":1},"end":{"line":15,"column":2}},"6":{"start":{"line":14,"column":4},"end":{"line":14,"column":18}},"7":{"start":{"line":16,"column":0},"end":{"line":18,"column":3}},"8":{"start":{"line":17,"column":4},"end":{"line":17,"column":18}},"9":{"start":{"line":20,"column":31},"end":{"line":20,"column":47}},"10":{"start":{"line":21,"column":2},"end":{"line":25,"column":3}},"11":{"start":{"line":23,"column":4},"end":{"line":23,"column":23}},"12":{"start":{"line":24,"column":4},"end":{"line":24,"column":18}},"13":{"start":{"line":28,"column":2},"end":{"line":28,"column":16}},"14":{"start":{"line":31,"column":0},"end":{"line":31,"column":31}}},"fnMap":{"0":{"name":"deserializeUser","decl":{"start":{"line":6,"column":9},"end":{"line":6,"column":24}},"loc":{"start":{"line":6,"column":72},"end":{"line":29,"column":1}}}},"branchMap":{"0":{"loc":{"start":{"line":9,"column":1},"end":{"line":11,"column":2}},"type":"if","locations":[{"start":{"line":9,"column":1},"end":{"line":11,"column":2}}]},"1":{"loc":{"start":{"line":9,"column":5},"end":{"line":9,"column":48}},"type":"binary-expr","locations":[{"start":{"line":9,"column":5},"end":{"line":9,"column":16}},{"start":{"line":9,"column":18},"end":{"line":9,"column":48}}]},"2":{"loc":{"start":{"line":13,"column":1},"end":{"line":15,"column":2}},"type":"if","locations":[{"start":{"line":13,"column":1},"end":{"line":15,"column":2}}]},"3":{"loc":{"start":{"line":16,"column":0},"end":{"line":18,"column":3}},"type":"if","locations":[{"start":{"line":16,"column":0},"end":{"line":18,"column":3}}]},"4":{"loc":{"start":{"line":21,"column":2},"end":{"line":25,"column":3}},"type":"if","locations":[{"start":{"line":21,"column":2},"end":{"line":25,"column":3}}]}},"s":{"0":3,"1":41,"2":41,"3":13,"4":28,"5":28,"6":0,"7":28,"8":0,"9":28,"10":28,"11":28,"12":28,"13":0,"14":3},"f":{"0":41},"b":{"0":[13],"1":[41,28],"2":[0],"3":[0],"4":[28]}}
,"/home/yafet/repos/addis-api/src/middleware/errorsHandler.ts": {"path":"/home/yafet/repos/addis-api/src/middleware/errorsHandler.ts","statementMap":{"0":{"start":{"line":2,"column":0},"end":{"line":2,"column":43}},"1":{"start":{"line":3,"column":0},"end":{"line":3,"column":53}},"2":{"start":{"line":5,"column":28},"end":{"line":29,"column":1}},"3":{"start":{"line":11,"column":2},"end":{"line":21,"column":3}},"4":{"start":{"line":12,"column":17},"end":{"line":12,"column":19}},"5":{"start":{"line":14,"column":4},"end":{"line":19,"column":5}},"6":{"start":{"line":16,"column":6},"end":{"line":18,"column":7}},"7":{"start":{"line":17,"column":8},"end":{"line":17,"column":57}},"8":{"start":{"line":20,"column":4},"end":{"line":20,"column":52}},"9":{"start":{"line":22,"column":2},"end":{"line":24,"column":3}},"10":{"start":{"line":23,"column":4},"end":{"line":23,"column":78}},"11":{"start":{"line":25,"column":2},"end":{"line":25,"column":21}},"12":{"start":{"line":26,"column":2},"end":{"line":28,"column":5}},"13":{"start":{"line":5,"column":13},"end":{"line":5,"column":28}}},"fnMap":{"0":{"name":"(anonymous_0)","decl":{"start":{"line":5,"column":28},"end":{"line":5,"column":null}},"loc":{"start":{"line":10,"column":4},"end":{"line":29,"column":1}}}},"branchMap":{"0":{"loc":{"start":{"line":11,"column":2},"end":{"line":21,"column":3}},"type":"if","locations":[{"start":{"line":11,"column":2},"end":{"line":21,"column":3}}]},"1":{"loc":{"start":{"line":11,"column":6},"end":{"line":11,"column":59}},"type":"binary-expr","locations":[{"start":{"line":11,"column":6},"end":{"line":11,"column":37}},{"start":{"line":11,"column":41},"end":{"line":11,"column":59}}]},"2":{"loc":{"start":{"line":16,"column":6},"end":{"line":18,"column":7}},"type":"if","locations":[{"start":{"line":16,"column":6},"end":{"line":18,"column":7}}]},"3":{"loc":{"start":{"line":22,"column":2},"end":{"line":24,"column":3}},"type":"if","locations":[{"start":{"line":22,"column":2},"end":{"line":24,"column":3}}]}},"s":{"0":3,"1":3,"2":3,"3":22,"4":2,"5":2,"6":2,"7":2,"8":2,"9":20,"10":20,"11":0,"12":0,"13":3},"f":{"0":22},"b":{"0":[2],"1":[22,2],"2":[2],"3":[20]}}
,"/home/yafet/repos/addis-api/src/middleware/requireUser.ts": {"path":"/home/yafet/repos/addis-api/src/middleware/requireUser.ts","statementMap":{"0":{"start":{"line":3,"column":0},"end":{"line":3,"column":16}},"1":{"start":{"line":2,"column":0},"end":{"line":2,"column":66}},"2":{"start":{"line":5,"column":2},"end":{"line":7,"column":3}},"3":{"start":{"line":6,"column":4},"end":{"line":6,"column":null}},"4":{"start":{"line":8,"column":2},"end":{"line":8,"column":16}}},"fnMap":{"0":{"name":"requireUser","decl":{"start":{"line":3,"column":16},"end":{"line":3,"column":27}},"loc":{"start":{"line":3,"column":75},"end":{"line":9,"column":1}}}},"branchMap":{"0":{"loc":{"start":{"line":5,"column":2},"end":{"line":7,"column":3}},"type":"if","locations":[{"start":{"line":5,"column":2},"end":{"line":7,"column":3}}]}},"s":{"0":3,"1":3,"2":30,"3":2,"4":28},"f":{"0":30},"b":{"0":[2]}}
,"/home/yafet/repos/addis-api/src/routes/routes.ts": {"path":"/home/yafet/repos/addis-api/src/routes/routes.ts","statementMap":{"0":{"start":{"line":1,"column":0},"end":{"line":1,"column":30}},"1":{"start":{"line":2,"column":0},"end":{"line":2,"column":55}},"2":{"start":{"line":3,"column":0},"end":{"line":3,"column":55}},"3":{"start":{"line":4,"column":0},"end":{"line":4,"column":162}},"4":{"start":{"line":5,"column":0},"end":{"line":5,"column":138}},"5":{"start":{"line":7,"column":0},"end":{"line":7,"column":56}},"6":{"start":{"line":9,"column":15},"end":{"line":9,"column":31}},"7":{"start":{"line":10,"column":0},"end":{"line":10,"column":31}},"8":{"start":{"line":11,"column":0},"end":{"line":11,"column":31}},"9":{"start":{"line":14,"column":0},"end":{"line":14,"column":61}},"10":{"start":{"line":15,"column":0},"end":{"line":15,"column":58}},"11":{"start":{"line":16,"column":0},"end":{"line":16,"column":61}},"12":{"start":{"line":17,"column":0},"end":{"line":17,"column":64}},"13":{"start":{"line":18,"column":0},"end":{"line":18,"column":67}},"14":{"start":{"line":22,"column":0},"end":{"line":22,"column":53}},"15":{"start":{"line":23,"column":0},"end":{"line":23,"column":50}},"16":{"start":{"line":24,"column":0},"end":{"line":24,"column":53}},"17":{"start":{"line":25,"column":0},"end":{"line":25,"column":56}},"18":{"start":{"line":26,"column":0},"end":{"line":26,"column":59}},"19":{"start":{"line":27,"column":0},"end":{"line":27,"column":23}}},"fnMap":{},"branchMap":{},"s":{"0":3,"1":3,"2":3,"3":3,"4":3,"5":3,"6":3,"7":3,"8":3,"9":3,"10":3,"11":3,"12":3,"13":3,"14":3,"15":3,"16":3,"17":3,"18":3,"19":3},"f":{},"b":{}}
,"/home/yafet/repos/addis-api/src/util/jwt.ts": {"path":"/home/yafet/repos/addis-api/src/util/jwt.ts","statementMap":{"0":{"start":{"line":2,"column":0},"end":{"line":2,"column":16}},"1":{"start":{"line":1,"column":0},"end":{"line":1,"column":36}},"2":{"start":{"line":3,"column":2},"end":{"line":5,"column":5}},"3":{"start":{"line":8,"column":25},"end":{"line":16,"column":1}},"4":{"start":{"line":9,"column":2},"end":{"line":15,"column":3}},"5":{"start":{"line":10,"column":20},"end":{"line":10,"column":69}},"6":{"start":{"line":11,"column":4},"end":{"line":11,"column":48}},"7":{"start":{"line":13,"column":4},"end":{"line":13,"column":null}},"8":{"start":{"line":14,"column":4},"end":{"line":14,"column":44}},"9":{"start":{"line":8,"column":13},"end":{"line":8,"column":25}}},"fnMap":{"0":{"name":"signJWT","decl":{"start":{"line":2,"column":16},"end":{"line":2,"column":23}},"loc":{"start":{"line":2,"column":67},"end":{"line":6,"column":1}}},"1":{"name":"(anonymous_7)","decl":{"start":{"line":8,"column":25},"end":{"line":8,"column":26}},"loc":{"start":{"line":8,"column":43},"end":{"line":16,"column":1}}}},"branchMap":{},"s":{"0":3,"1":3,"2":4,"3":3,"4":28,"5":28,"6":28,"7":0,"8":0,"9":3},"f":{"0":4,"1":28},"b":{}}
,"/home/yafet/repos/addis-api/src/validator/validateAccount.ts": {"path":"/home/yafet/repos/addis-api/src/validator/validateAccount.ts","statementMap":{"0":{"start":{"line":2,"column":0},"end":{"line":2,"column":41}},"1":{"start":{"line":4,"column":25},"end":{"line":19,"column":null}},"2":{"start":{"line":20,"column":0},"end":{"line":20,"column":null}}},"fnMap":{},"branchMap":{},"s":{"0":3,"1":3,"2":3},"f":{},"b":{}}
,"/home/yafet/repos/addis-api/src/validator/validateParam.ts": {"path":"/home/yafet/repos/addis-api/src/validator/validateParam.ts","statementMap":{"0":{"start":{"line":2,"column":0},"end":{"line":2,"column":48}},"1":{"start":{"line":4,"column":13},"end":{"line":4,"column":null}},"2":{"start":{"line":5,"column":13},"end":{"line":9,"column":4}}},"fnMap":{},"branchMap":{},"s":{"0":3,"1":3,"2":3},"f":{},"b":{}}
,"/home/yafet/repos/addis-api/src/validator/validatePlaylist.ts": {"path":"/home/yafet/repos/addis-api/src/validator/validatePlaylist.ts","statementMap":{"0":{"start":{"line":2,"column":0},"end":{"line":2,"column":41}},"1":{"start":{"line":4,"column":13},"end":{"line":13,"column":2}},"2":{"start":{"line":15,"column":13},"end":{"line":25,"column":2}}},"fnMap":{},"branchMap":{},"s":{"0":3,"1":3,"2":3},"f":{},"b":{}}
,"/home/yafet/repos/addis-api/src/validator/validateRequest.ts": {"path":"/home/yafet/repos/addis-api/src/validator/validateRequest.ts","statementMap":{"0":{"start":{"line":2,"column":0},"end":{"line":2,"column":53}},"1":{"start":{"line":3,"column":0},"end":{"line":3,"column":68}},"2":{"start":{"line":5,"column":31},"end":{"line":18,"column":1}},"3":{"start":{"line":10,"column":17},"end":{"line":10,"column":38}},"4":{"start":{"line":12,"column":2},"end":{"line":15,"column":3}},"5":{"start":{"line":14,"column":4},"end":{"line":14,"column":53}},"6":{"start":{"line":17,"column":2},"end":{"line":17,"column":9}},"7":{"start":{"line":5,"column":13},"end":{"line":5,"column":31}}},"fnMap":{"0":{"name":"(anonymous_0)","decl":{"start":{"line":5,"column":31},"end":{"line":5,"column":null}},"loc":{"start":{"line":9,"column":4},"end":{"line":18,"column":1}}}},"branchMap":{"0":{"loc":{"start":{"line":12,"column":2},"end":{"line":15,"column":3}},"type":"if","locations":[{"start":{"line":12,"column":2},"end":{"line":15,"column":3}}]}},"s":{"0":3,"1":3,"2":3,"3":37,"4":37,"5":9,"6":28,"7":3},"f":{"0":37},"b":{"0":[9]}}
,"/home/yafet/repos/addis-api/src/validator/validateSong.ts": {"path":"/home/yafet/repos/addis-api/src/validator/validateSong.ts","statementMap":{"0":{"start":{"line":1,"column":0},"end":{"line":1,"column":41}},"1":{"start":{"line":3,"column":13},"end":{"line":22,"column":2}},"2":{"start":{"line":23,"column":13},"end":{"line":37,"column":2}}},"fnMap":{},"branchMap":{},"s":{"0":3,"1":3,"2":3},"f":{},"b":{}}
}
