TN:
SF:src/server.ts
FN:10,createServer
FNF:1
FNH:1
FNDA:3,createServer
DA:1,3
DA:3,3
DA:4,3
DA:5,3
DA:6,3
DA:11,3
DA:13,3
DA:18,3
DA:19,3
DA:20,3
DA:21,3
DA:22,3
DA:25,3
LF:13
LH:13
BRF:0
BRH:0
end_of_record
TN:
SF:src/config/env.config.ts
FNF:0
FNH:0
DA:1,3
DA:2,3
DA:7,3
LF:3
LH:3
BRF:0
BRH:0
end_of_record
TN:
SF:src/controllers/playlist.controller.ts
FN:7,(anonymous_7)
FN:7,(anonymous_8)
FN:18,(anonymous_9)
FN:18,(anonymous_10)
FN:31,(anonymous_11)
FN:31,(anonymous_12)
FN:44,(anonymous_13)
FN:44,(anonymous_14)
FN:59,(anonymous_15)
FN:59,(anonymous_16)
FNF:10
FNH:10
FNDA:4,(anonymous_7)
FNDA:4,(anonymous_8)
FNDA:3,(anonymous_9)
FNDA:3,(anonymous_10)
FNDA:1,(anonymous_11)
FNDA:1,(anonymous_12)
FNDA:2,(anonymous_13)
FNDA:2,(anonymous_14)
FNDA:2,(anonymous_15)
FNDA:2,(anonymous_16)
DA:2,3
DA:3,3
DA:4,3
DA:5,3
DA:6,3
DA:7,4
DA:8,4
DA:9,4
DA:11,4
DA:12,4
DA:13,4
DA:15,0
DA:18,3
DA:19,3
DA:20,3
DA:21,3
DA:22,3
DA:23,2
DA:26,1
DA:28,2
DA:31,3
DA:32,1
DA:33,1
DA:34,1
DA:35,1
DA:36,1
DA:37,1
DA:38,1
DA:40,0
DA:44,3
DA:45,2
DA:46,2
DA:47,2
DA:48,2
DA:49,2
DA:50,1
DA:53,1
DA:55,1
DA:59,3
DA:60,2
DA:61,2
DA:62,2
DA:63,1
DA:64,0
DA:67,1
DA:69,1
LF:46
LH:43
BRDA:22,0,0,2
BRDA:34,1,0,1
BRDA:34,1,1,1
BRDA:35,2,0,1
BRDA:35,2,1,1
BRDA:49,3,0,1
BRDA:63,4,0,0
BRF:7
BRH:6
end_of_record
TN:
SF:src/controllers/sigin.controller.ts
FN:14,(anonymous_8)
FN:14,(anonymous_9)
FNF:2
FNH:2
FNDA:3,(anonymous_8)
FNDA:3,(anonymous_9)
DA:2,3
DA:3,3
DA:4,3
DA:5,3
DA:6,3
DA:7,3
DA:11,3
DA:14,3
DA:15,3
DA:16,3
DA:18,3
DA:19,2
DA:23,2
DA:24,0
DA:26,2
DA:27,2
DA:28,2
DA:30,1
DA:33,1
DA:37,3
LF:20
LH:19
BRDA:18,0,0,2
BRDA:18,0,1,1
BRDA:23,1,0,0
BRF:3
BRH:2
end_of_record
TN:
SF:src/controllers/signup.controller.ts
FN:9,(anonymous_8)
FN:9,(anonymous_9)
FNF:2
FNH:2
FNDA:3,(anonymous_8)
FNDA:3,(anonymous_9)
DA:2,3
DA:3,3
DA:4,3
DA:5,3
DA:6,3
DA:9,3
DA:10,3
DA:11,3
DA:12,3
DA:13,3
DA:14,1
DA:16,2
DA:21,3
LF:13
LH:13
BRF:0
BRH:0
end_of_record
TN:
SF:src/controllers/song.controller.ts
FN:9,(anonymous_7)
FN:9,(anonymous_8)
FN:22,(anonymous_9)
FN:22,(anonymous_10)
FN:35,(anonymous_11)
FN:35,(anonymous_12)
FN:48,(anonymous_13)
FN:48,(anonymous_14)
FN:62,(anonymous_15)
FN:62,(anonymous_16)
FNF:10
FNH:10
FNDA:4,(anonymous_7)
FNDA:4,(anonymous_8)
FNDA:3,(anonymous_9)
FNDA:3,(anonymous_10)
FNDA:1,(anonymous_11)
FNDA:1,(anonymous_12)
FNDA:2,(anonymous_13)
FNDA:2,(anonymous_14)
FNDA:2,(anonymous_15)
FNDA:2,(anonymous_16)
DA:2,3
DA:3,3
DA:5,3
DA:6,3
DA:8,3
DA:9,4
DA:10,4
DA:11,4
DA:13,4
DA:15,4
DA:16,4
DA:18,0
DA:22,3
DA:23,3
DA:24,3
DA:25,3
DA:26,3
DA:27,2
DA:29,1
DA:31,2
DA:35,3
DA:36,1
DA:37,1
DA:38,1
DA:39,1
DA:40,1
DA:41,1
DA:42,1
DA:44,0
DA:48,3
DA:49,2
DA:50,2
DA:51,2
DA:52,2
DA:53,2
DA:54,1
DA:56,1
DA:58,1
DA:62,3
DA:63,2
DA:64,2
DA:65,2
DA:66,1
DA:67,0
DA:69,1
DA:71,1
LF:46
LH:43
BRDA:26,0,0,2
BRDA:38,1,0,1
BRDA:38,1,1,1
BRDA:39,2,0,1
BRDA:39,2,1,1
BRDA:53,3,0,1
BRDA:66,4,0,0
BRF:7
BRH:6
end_of_record
TN:
SF:src/db/init.ts
FN:5,InitDB
FNF:1
FNH:1
FNDA:3,InitDB
DA:1,3
DA:2,3
DA:6,3
DA:7,3
DA:8,0
DA:9,0
DA:11,3
DA:12,3
DA:13,3
DA:15,0
DA:16,0
DA:20,3
LF:12
LH:8
BRDA:7,0,0,0
BRF:1
BRH:0
end_of_record
TN:
SF:src/db/models/playlist.model.ts
FNF:0
FNH:0
DA:1,3
DA:10,3
DA:31,3
LF:3
LH:3
BRF:0
BRH:0
end_of_record
TN:
SF:src/db/models/song.model.ts
FNF:0
FNH:0
DA:1,3
DA:3,3
DA:5,3
DA:24,3
LF:4
LH:4
BRF:0
BRH:0
end_of_record
TN:
SF:src/db/models/user.model.ts
FNF:0
FNH:0
DA:1,3
DA:12,3
DA:13,3
DA:26,3
LF:4
LH:4
BRF:0
BRH:0
end_of_record
TN:
SF:src/db/repository/playlist.repository.ts
FN:6,(anonymous_8)
FN:6,(anonymous_9)
FN:12,(anonymous_10)
FN:12,(anonymous_11)
FN:16,(anonymous_12)
FN:16,(anonymous_13)
FN:20,(anonymous_14)
FN:20,(anonymous_15)
FN:33,(anonymous_16)
FN:50,(anonymous_17)
FN:50,(anonymous_18)
FNF:11
FNH:10
FNDA:5,(anonymous_8)
FNDA:5,(anonymous_9)
FNDA:3,(anonymous_10)
FNDA:3,(anonymous_11)
FNDA:2,(anonymous_12)
FNDA:2,(anonymous_13)
FNDA:2,(anonymous_14)
FNDA:2,(anonymous_15)
FNDA:0,(anonymous_16)
FNDA:1,(anonymous_17)
FNDA:1,(anonymous_18)
DA:1,3
DA:2,3
DA:3,3
DA:4,3
DA:6,5
DA:7,5
DA:8,5
DA:9,5
DA:12,3
DA:13,3
DA:16,3
DA:17,2
DA:20,3
DA:21,2
DA:22,2
DA:24,2
DA:26,2
DA:27,2
DA:28,1
DA:32,1
DA:33,1
DA:35,1
DA:38,1
DA:40,1
DA:44,1
DA:45,1
DA:47,2
DA:50,3
DA:51,1
DA:52,1
LF:30
LH:30
BRDA:27,0,0,1
BRDA:50,1,0,0
BRDA:50,2,0,0
BRDA:50,3,0,1
BRF:4
BRH:2
end_of_record
TN:
SF:src/db/repository/song.repository.ts
FN:7,(anonymous_8)
FN:7,(anonymous_9)
FN:36,(anonymous_10)
FN:36,(anonymous_11)
FN:40,(anonymous_12)
FN:40,(anonymous_13)
FN:45,(anonymous_14)
FN:45,(anonymous_15)
FN:75,(anonymous_16)
FN:75,(anonymous_17)
FNF:10
FNH:10
FNDA:4,(anonymous_8)
FNDA:4,(anonymous_9)
FNDA:3,(anonymous_10)
FNDA:3,(anonymous_11)
FNDA:2,(anonymous_12)
FNDA:2,(anonymous_13)
FNDA:2,(anonymous_14)
FNDA:2,(anonymous_15)
FNDA:1,(anonymous_16)
FNDA:1,(anonymous_17)
DA:1,3
DA:2,3
DA:3,3
DA:4,3
DA:7,4
DA:9,4
DA:10,4
DA:11,4
DA:13,4
DA:14,4
DA:16,4
DA:22,4
DA:23,0
DA:26,4
DA:27,4
DA:29,0
DA:30,0
DA:32,4
DA:36,3
DA:37,3
DA:40,3
DA:42,2
DA:45,3
DA:47,2
DA:48,2
DA:49,2
DA:50,2
DA:51,2
DA:52,1
DA:55,1
DA:60,1
DA:61,0
DA:62,0
DA:65,1
DA:66,1
DA:68,1
DA:69,1
DA:71,2
DA:75,3
DA:76,1
DA:77,1
LF:41
LH:36
BRDA:22,0,0,0
BRDA:51,1,0,1
BRDA:60,2,0,0
BRDA:75,3,0,0
BRDA:75,4,0,0
BRDA:75,5,0,1
BRF:6
BRH:2
end_of_record
TN:
SF:src/db/repository/user.repository.ts
FN:2,(anonymous_8)
FN:2,(anonymous_9)
FN:8,(anonymous_10)
FN:8,(anonymous_11)
FNF:4
FNH:4
FNDA:3,(anonymous_8)
FNDA:3,(anonymous_9)
FNDA:3,(anonymous_10)
FNDA:3,(anonymous_11)
DA:1,3
DA:2,3
DA:3,3
DA:6,3
DA:8,3
DA:9,3
LF:6
LH:6
BRF:0
BRH:0
end_of_record
TN:
SF:src/errors/IncorrectCredentials.ts
FN:5,(anonymous_0)
FN:9,(anonymous_1)
FNF:2
FNH:2
FNDA:1,(anonymous_0)
FNDA:1,(anonymous_1)
DA:2,3
DA:3,3
DA:4,1
DA:6,1
DA:7,1
DA:10,1
LF:6
LH:6
BRF:0
BRH:0
end_of_record
TN:
SF:src/errors/custom.error.ts
FN:4,(anonymous_0)
FN:10,(anonymous_1)
FNF:2
FNH:1
FNDA:20,(anonymous_0)
FNDA:0,(anonymous_1)
DA:1,3
DA:2,20
DA:4,20
DA:5,20
DA:7,20
DA:11,0
LF:6
LH:5
BRF:0
BRH:0
end_of_record
TN:
SF:src/errors/notFound.error.ts
FN:5,(anonymous_0)
FN:9,(anonymous_1)
FNF:2
FNH:2
FNDA:8,(anonymous_0)
FNDA:8,(anonymous_1)
DA:1,3
DA:3,3
DA:4,8
DA:6,8
DA:7,8
DA:10,8
LF:6
LH:6
BRF:0
BRH:0
end_of_record
TN:
SF:src/errors/unauthorized.error.ts
FN:4,(anonymous_0)
FN:8,(anonymous_1)
FNF:2
FNH:2
FNDA:2,(anonymous_0)
FNDA:2,(anonymous_1)
DA:1,3
DA:2,3
DA:3,2
DA:5,2
DA:6,2
DA:9,2
LF:6
LH:6
BRF:0
BRH:0
end_of_record
TN:
SF:src/errors/validation.error.ts
FN:7,(anonymous_0)
FN:12,(anonymous_1)
FN:13,(anonymous_2)
FNF:3
FNH:3
FNDA:9,(anonymous_0)
FNDA:9,(anonymous_1)
FNDA:9,(anonymous_2)
DA:2,3
DA:4,3
DA:5,9
DA:8,9
DA:9,9
DA:10,9
DA:13,9
DA:14,9
LF:8
LH:8
BRF:0
BRH:0
end_of_record
TN:
SF:src/middleware/deserializeUser.ts
FN:6,deserializeUser
FNF:1
FNH:1
FNDA:41,deserializeUser
DA:3,3
DA:7,41
DA:9,41
DA:10,13
DA:12,28
DA:13,28
DA:14,0
DA:16,28
DA:17,0
DA:20,28
DA:21,28
DA:23,28
DA:24,28
DA:28,0
DA:31,3
LF:15
LH:12
BRDA:9,0,0,13
BRDA:9,1,0,41
BRDA:9,1,1,28
BRDA:13,2,0,0
BRDA:16,3,0,0
BRDA:21,4,0,28
BRF:6
BRH:4
end_of_record
TN:
SF:src/middleware/errorsHandler.ts
FN:5,(anonymous_0)
FNF:1
FNH:1
FNDA:22,(anonymous_0)
DA:2,3
DA:3,3
DA:5,3
DA:11,22
DA:12,2
DA:14,2
DA:16,2
DA:17,2
DA:20,2
DA:22,20
DA:23,20
DA:25,0
DA:26,0
LF:13
LH:11
BRDA:11,0,0,2
BRDA:11,1,0,22
BRDA:11,1,1,2
BRDA:16,2,0,2
BRDA:22,3,0,20
BRF:5
BRH:5
end_of_record
TN:
SF:src/middleware/requireUser.ts
FN:3,requireUser
FNF:1
FNH:1
FNDA:30,requireUser
DA:2,3
DA:3,3
DA:5,30
DA:6,2
DA:8,28
LF:5
LH:5
BRDA:5,0,0,2
BRF:1
BRH:1
end_of_record
TN:
SF:src/routes/routes.ts
FNF:0
FNH:0
DA:1,3
DA:2,3
DA:3,3
DA:4,3
DA:5,3
DA:7,3
DA:9,3
DA:10,3
DA:11,3
DA:14,3
DA:15,3
DA:16,3
DA:17,3
DA:18,3
DA:22,3
DA:23,3
DA:24,3
DA:25,3
DA:26,3
DA:27,3
LF:20
LH:20
BRF:0
BRH:0
end_of_record
TN:
SF:src/util/jwt.ts
FN:2,signJWT
FN:8,(anonymous_7)
FNF:2
FNH:2
FNDA:4,signJWT
FNDA:28,(anonymous_7)
DA:1,3
DA:2,3
DA:3,4
DA:8,3
DA:9,28
DA:10,28
DA:11,28
DA:13,0
DA:14,0
LF:9
LH:7
BRF:0
BRH:0
end_of_record
TN:
SF:src/validator/validateAccount.ts
FNF:0
FNH:0
DA:2,3
DA:4,3
DA:20,3
LF:3
LH:3
BRF:0
BRH:0
end_of_record
TN:
SF:src/validator/validateParam.ts
FNF:0
FNH:0
DA:2,3
DA:4,3
DA:5,3
LF:3
LH:3
BRF:0
BRH:0
end_of_record
TN:
SF:src/validator/validatePlaylist.ts
FNF:0
FNH:0
DA:2,3
DA:4,3
DA:15,3
LF:3
LH:3
BRF:0
BRH:0
end_of_record
TN:
SF:src/validator/validateRequest.ts
FN:5,(anonymous_0)
FNF:1
FNH:1
FNDA:37,(anonymous_0)
DA:2,3
DA:3,3
DA:5,3
DA:10,37
DA:12,37
DA:14,9
DA:17,28
LF:7
LH:7
BRDA:12,0,0,9
BRF:1
BRH:1
end_of_record
TN:
SF:src/validator/validateSong.ts
FNF:0
FNH:0
DA:1,3
DA:3,3
DA:23,3
LF:3
LH:3
BRF:0
BRH:0
end_of_record
